<?xml version="1.0" encoding="UTF-8"?>
<testsuite name="com.example.UserAuthenticationApplicationTests" tests="1" skipped="0" failures="0" errors="0" timestamp="2016-07-05T03:24:57" hostname="SS-pc" time="0.005">
  <properties/>
  <testcase name="contextLoads" classname="com.example.UserAuthenticationApplicationTests" time="0.005"/>
  <system-out><![CDATA[20:24:55.166 [Test worker] DEBUG org.springframework.test.context.junit4.SpringJUnit4ClassRunner - SpringJUnit4ClassRunner constructor called with [class com.example.UserAuthenticationApplicationTests]
20:24:55.170 [Test worker] DEBUG org.springframework.test.context.BootstrapUtils - Instantiating CacheAwareContextLoaderDelegate from class [org.springframework.test.context.cache.DefaultCacheAwareContextLoaderDelegate]
20:24:55.175 [Test worker] DEBUG org.springframework.test.context.BootstrapUtils - Instantiating BootstrapContext using constructor [public org.springframework.test.context.support.DefaultBootstrapContext(java.lang.Class,org.springframework.test.context.CacheAwareContextLoaderDelegate)]
20:24:55.184 [Test worker] DEBUG org.springframework.test.context.BootstrapUtils - Instantiating TestContextBootstrapper for test class [com.example.UserAuthenticationApplicationTests] from class [org.springframework.test.context.web.WebTestContextBootstrapper]
20:24:55.199 [Test worker] DEBUG org.springframework.test.context.web.WebTestContextBootstrapper - Found explicit ContextLoader class [org.springframework.boot.test.SpringApplicationContextLoader] for context configuration attributes [ContextConfigurationAttributes@3fd90216 declaringClass = 'com.example.UserAuthenticationApplicationTests', classes = '{class com.ct.UserAuthenticationApplication}', locations = '{}', inheritLocations = true, initializers = '{}', inheritInitializers = true, name = [null], contextLoaderClass = 'org.springframework.boot.test.SpringApplicationContextLoader']
20:24:55.206 [Test worker] DEBUG org.springframework.test.context.support.AbstractContextLoader - Did not detect default resource location for test class [com.example.UserAuthenticationApplicationTests]: class path resource [com/example/UserAuthenticationApplicationTests-context.xml] does not exist
20:24:55.206 [Test worker] DEBUG org.springframework.test.context.support.AbstractContextLoader - Did not detect default resource location for test class [com.example.UserAuthenticationApplicationTests]: class path resource [com/example/UserAuthenticationApplicationTestsContext.groovy] does not exist
20:24:55.206 [Test worker] INFO org.springframework.test.context.support.AbstractContextLoader - Could not detect default resource locations for test class [com.example.UserAuthenticationApplicationTests]: no resource found for suffixes {-context.xml, Context.groovy}.
20:24:55.208 [Test worker] DEBUG org.springframework.test.context.support.ActiveProfilesUtils - Could not find an 'annotation declaring class' for annotation type [org.springframework.test.context.ActiveProfiles] and class [com.example.UserAuthenticationApplicationTests]
20:24:55.211 [Test worker] DEBUG org.springframework.test.context.web.WebTestContextBootstrapper - @TestExecutionListeners is not present for class [com.example.UserAuthenticationApplicationTests]: using defaults.
20:24:55.216 [Test worker] INFO org.springframework.test.context.web.WebTestContextBootstrapper - Loaded default TestExecutionListener class names from location [META-INF/spring.factories]: [org.springframework.test.context.web.ServletTestExecutionListener, org.springframework.test.context.support.DirtiesContextBeforeModesTestExecutionListener, org.springframework.test.context.support.DependencyInjectionTestExecutionListener, org.springframework.test.context.support.DirtiesContextTestExecutionListener, org.springframework.test.context.transaction.TransactionalTestExecutionListener, org.springframework.test.context.jdbc.SqlScriptsTestExecutionListener]
20:24:55.233 [Test worker] INFO org.springframework.test.context.web.WebTestContextBootstrapper - Using TestExecutionListeners: [org.springframework.test.context.web.ServletTestExecutionListener@19910a84, org.springframework.test.context.support.DirtiesContextBeforeModesTestExecutionListener@15b9c0b3, org.springframework.test.context.support.DependencyInjectionTestExecutionListener@3b724eb5, org.springframework.test.context.support.DirtiesContextTestExecutionListener@4c660fbf, org.springframework.test.context.transaction.TransactionalTestExecutionListener@5db2f99d, org.springframework.test.context.jdbc.SqlScriptsTestExecutionListener@6d506c0]
20:24:55.237 [Test worker] DEBUG org.springframework.test.annotation.ProfileValueUtils - Retrieved @ProfileValueSourceConfiguration [null] for test class [com.example.UserAuthenticationApplicationTests]
20:24:55.237 [Test worker] DEBUG org.springframework.test.annotation.ProfileValueUtils - Retrieved ProfileValueSource type [class org.springframework.test.annotation.SystemProfileValueSource] for class [com.example.UserAuthenticationApplicationTests]
20:24:55.238 [Test worker] DEBUG org.springframework.test.annotation.ProfileValueUtils - Retrieved @ProfileValueSourceConfiguration [null] for test class [com.example.UserAuthenticationApplicationTests]
20:24:55.238 [Test worker] DEBUG org.springframework.test.annotation.ProfileValueUtils - Retrieved ProfileValueSource type [class org.springframework.test.annotation.SystemProfileValueSource] for class [com.example.UserAuthenticationApplicationTests]
20:24:55.240 [Test worker] DEBUG org.springframework.test.context.support.AbstractDirtiesContextTestExecutionListener - Before test class: context [DefaultTestContext@27344bf3 testClass = UserAuthenticationApplicationTests, testInstance = [null], testMethod = [null], testException = [null], mergedContextConfiguration = [WebMergedContextConfiguration@3fa3c1b3 testClass = UserAuthenticationApplicationTests, locations = '{}', classes = '{class com.ct.UserAuthenticationApplication}', contextInitializerClasses = '[]', activeProfiles = '{}', propertySourceLocations = '{}', propertySourceProperties = '{}', resourceBasePath = 'src/main/webapp', contextLoader = 'org.springframework.boot.test.SpringApplicationContextLoader', parent = [null]]], class annotated with @DirtiesContext [false] with mode [null].
20:24:55.242 [Test worker] DEBUG org.springframework.test.annotation.ProfileValueUtils - Retrieved @ProfileValueSourceConfiguration [null] for test class [com.example.UserAuthenticationApplicationTests]
20:24:55.242 [Test worker] DEBUG org.springframework.test.annotation.ProfileValueUtils - Retrieved ProfileValueSource type [class org.springframework.test.annotation.SystemProfileValueSource] for class [com.example.UserAuthenticationApplicationTests]
20:24:55.302 [Test worker] DEBUG org.springframework.core.env.StandardEnvironment - Adding [systemProperties] PropertySource with lowest search precedence
20:24:55.303 [Test worker] DEBUG org.springframework.core.env.StandardEnvironment - Adding [systemEnvironment] PropertySource with lowest search precedence
20:24:55.303 [Test worker] DEBUG org.springframework.core.env.StandardEnvironment - Initialized StandardEnvironment with PropertySources [systemProperties,systemEnvironment]
20:24:55.305 [Test worker] DEBUG org.springframework.core.env.StandardEnvironment - Adding [integrationTest] PropertySource with search precedence immediately lower than [systemEnvironment]

  .   ____          _            __ _ _
 /\\ / ___'_ __ _ _(_)_ __  __ _ \ \ \ \
( ( )\___ | '_ | '_| | '_ \/ _` | \ \ \ \
 \\/  ___)| |_)| | | | | || (_| |  ) ) ) )
  '  |____| .__|_| |_|_| |_\__, | / / / /
 =========|_|==============|___/=/_/_/_/
 :: Spring Boot ::        (v1.3.6.RELEASE)

2016-07-04 20:24:55.501  INFO 10444 --- [    Test worker] c.e.UserAuthenticationApplicationTests   : Starting UserAuthenticationApplicationTests on SS-pc with PID 10444 (C:\Users\Shailesh\Documents\workspace-sts-3.6.3.SR1\UserAuthentication\build\classes\test started by Shailesh in C:\Users\Shailesh\Documents\workspace-sts-3.6.3.SR1\UserAuthentication)
2016-07-04 20:24:55.501  INFO 10444 --- [    Test worker] c.e.UserAuthenticationApplicationTests   : No active profile set, falling back to default profiles: default
2016-07-04 20:24:55.569  INFO 10444 --- [    Test worker] o.s.w.c.s.GenericWebApplicationContext   : Refreshing org.springframework.web.context.support.GenericWebApplicationContext@776afa4c: startup date [Mon Jul 04 20:24:55 PDT 2016]; root of context hierarchy
2016-07-04 20:24:57.197  INFO 10444 --- [    Test worker] o.s.s.web.DefaultSecurityFilterChain     : Creating filter chain: Ant [pattern='/user'], []
2016-07-04 20:24:57.244  INFO 10444 --- [    Test worker] o.s.s.web.DefaultSecurityFilterChain     : Creating filter chain: org.springframework.security.web.util.matcher.AnyRequestMatcher@1, [org.springframework.security.web.context.request.async.WebAsyncManagerIntegrationFilter@5d5f924c, org.springframework.security.web.context.SecurityContextPersistenceFilter@6b4b4df3, org.springframework.security.web.header.HeaderWriterFilter@3f684369, org.springframework.security.web.authentication.logout.LogoutFilter@649b57d5, org.springframework.security.web.authentication.www.BasicAuthenticationFilter@41f1bfe6, org.springframework.security.web.savedrequest.RequestCacheAwareFilter@716e9b03, org.springframework.security.web.servletapi.SecurityContextHolderAwareRequestFilter@7fdd2278, com.ct.security.AuthenticationFilter@119d188e, org.springframework.security.web.authentication.AnonymousAuthenticationFilter@6df095f4, org.springframework.security.web.access.ExceptionTranslationFilter@4b26c99e, org.springframework.security.web.access.intercept.FilterSecurityInterceptor@10f1ff99]
2016-07-04 20:24:57.474  INFO 10444 --- [    Test worker] s.w.s.m.m.a.RequestMappingHandlerAdapter : Looking for @ControllerAdvice: org.springframework.web.context.support.GenericWebApplicationContext@776afa4c: startup date [Mon Jul 04 20:24:55 PDT 2016]; root of context hierarchy
2016-07-04 20:24:57.531  INFO 10444 --- [    Test worker] s.w.s.m.m.a.RequestMappingHandlerMapping : Mapped "{[/test],methods=[GET],produces=[application/json]}" onto public org.springframework.http.ResponseEntity<java.lang.String> com.ct.rest.UserResource.test()
2016-07-04 20:24:57.532  INFO 10444 --- [    Test worker] s.w.s.m.m.a.RequestMappingHandlerMapping : Mapped "{[/login],methods=[GET],produces=[application/json]}" onto public org.springframework.http.ResponseEntity<com.ct.model.User> com.ct.rest.UserResource.authenticateUser()
2016-07-04 20:24:57.533  INFO 10444 --- [    Test worker] s.w.s.m.m.a.RequestMappingHandlerMapping : Mapped "{[/user],methods=[POST],consumes=[application/json],produces=[application/json]}" onto public org.springframework.http.ResponseEntity<com.ct.model.User> com.ct.rest.UserResource.registerUser(com.ct.dao.UserDAO) throws javax.security.sasl.AuthenticationException
2016-07-04 20:24:57.535  INFO 10444 --- [    Test worker] s.w.s.m.m.a.RequestMappingHandlerMapping : Mapped "{[/error]}" onto public org.springframework.http.ResponseEntity<java.util.Map<java.lang.String, java.lang.Object>> org.springframework.boot.autoconfigure.web.BasicErrorController.error(javax.servlet.http.HttpServletRequest)
2016-07-04 20:24:57.536  INFO 10444 --- [    Test worker] s.w.s.m.m.a.RequestMappingHandlerMapping : Mapped "{[/error],produces=[text/html]}" onto public org.springframework.web.servlet.ModelAndView org.springframework.boot.autoconfigure.web.BasicErrorController.errorHtml(javax.servlet.http.HttpServletRequest,javax.servlet.http.HttpServletResponse)
2016-07-04 20:24:57.568  INFO 10444 --- [    Test worker] o.s.w.s.handler.SimpleUrlHandlerMapping  : Mapped URL path [/webjars/**] onto handler of type [class org.springframework.web.servlet.resource.ResourceHttpRequestHandler]
2016-07-04 20:24:57.568  INFO 10444 --- [    Test worker] o.s.w.s.handler.SimpleUrlHandlerMapping  : Mapped URL path [/**] onto handler of type [class org.springframework.web.servlet.resource.ResourceHttpRequestHandler]
2016-07-04 20:24:57.593  INFO 10444 --- [    Test worker] o.s.w.s.handler.SimpleUrlHandlerMapping  : Mapped URL path [/**/favicon.ico] onto handler of type [class org.springframework.web.servlet.resource.ResourceHttpRequestHandler]
2016-07-04 20:24:57.972  INFO 10444 --- [    Test worker] c.e.UserAuthenticationApplicationTests   : Started UserAuthenticationApplicationTests in 2.66 seconds (JVM running for 3.376)
]]></system-out>
  <system-err><![CDATA[]]></system-err>
</testsuite>
